app/build/outputs/logs/manifest-merger-debug-report.txt
-- Merging decision tree log ---
manifest
ADDED from src\main\AndroidManifest.xml:2:1-88:12
	package
		ADDED from src\main\AndroidManifest.xml:3:5-32
		INJECTED from src\main\AndroidManifest.xml
		INJECTED from src\main\AndroidManifest.xml
	android:versionName
		ADDED from src\main\AndroidManifest.xml:5:5-30
		INJECTED from src\main\AndroidManifest.xml
		INJECTED from src\main\AndroidManifest.xml
	android:versionCode
		ADDED from src\main\AndroidManifest.xml:4:5-28
		INJECTED from src\main\AndroidManifest.xml
		INJECTED from src\main\AndroidManifest.xml
	xmlns:android
		ADDED from src\main\AndroidManifest.xml:2:11-69
uses-sdk
ADDED from src\main\AndroidManifest.xml:7:5-9:41
	android:targetSdkVersion
		ADDED from src\main\AndroidManifest.xml:9:9-38
		INJECTED from src\main\AndroidManifest.xml
		INJECTED from src\main\AndroidManifest.xml
	android:minSdkVersion
		ADDED from src\main\AndroidManifest.xml:8:9-34
		INJECTED from src\main\AndroidManifest.xml
		INJECTED from src\main\AndroidManifest.xml
application
ADDED from src\main\AndroidManifest.xml:11:5-78:19
	android:label
		ADDED from src\main\AndroidManifest.xml:15:9-41
	android:allowBackup
		ADDED from src\main\AndroidManifest.xml:13:9-35
	android:icon
		ADDED from src\main\AndroidManifest.xml:14:9-45
	android:theme
		ADDED from src\main\AndroidManifest.xml:16:9-62
	android:name
		ADDED from src\main\AndroidManifest.xml:12:9-56
activity#com.higgs.qqzone1.LoadingActivity
ADDED from src\main\AndroidManifest.xml:17:9-25:20
	android:label
		ADDED from src\main\AndroidManifest.xml:19:13-45
	android:name
		ADDED from src\main\AndroidManifest.xml:18:13-61
intent-filter#android.intent.action.MAIN+android.intent.category.LAUNCHER
ADDED from src\main\AndroidManifest.xml:20:14-24:29
action#android.intent.action.MAIN
ADDED from src\main\AndroidManifest.xml:21:17-69
	android:name
		ADDED from src\main\AndroidManifest.xml:21:25-66
category#android.intent.category.LAUNCHER
ADDED from src\main\AndroidManifest.xml:23:17-77
	android:name
		ADDED from src\main\AndroidManifest.xml:23:27-74
activity#com.higgs.qqzone1.LoginActivity
ADDED from src\main\AndroidManifest.xml:26:9-30:20
	android:label
		ADDED from src\main\AndroidManifest.xml:28:13-45
	android:name
		ADDED from src\main\AndroidManifest.xml:27:13-59
activity#com.higgs.qqzone1.MainActivity
ADDED from src\main\AndroidManifest.xml:31:9-33:20
	android:name
		ADDED from src\main\AndroidManifest.xml:31:19-64
activity#com.higgs.qqzone1.Journal_Activity
ADDED from src\main\AndroidManifest.xml:34:9-36:20
	android:name
		ADDED from src\main\AndroidManifest.xml:34:19-68
activity#com.higgs.qqzone1.XiangCe
ADDED from src\main\AndroidManifest.xml:37:9-39:20
	android:name
		ADDED from src\main\AndroidManifest.xml:37:19-59
activity#com.higgs.qqzone1.Find_Psd_Activity
ADDED from src\main\AndroidManifest.xml:40:9-42:20
	android:name
		ADDED from src\main\AndroidManifest.xml:40:19-69
activity#com.higgs.qqzone1.RegisterActivity
ADDED from src\main\AndroidManifest.xml:43:9-45:20
	android:name
		ADDED from src\main\AndroidManifest.xml:43:19-68
activity#com.higgs.qqzone1.Tab_t1
ADDED from src\main\AndroidManifest.xml:46:9-48:20
	android:name
		ADDED from src\main\AndroidManifest.xml:46:19-58
activity#com.higgs.qqzone1.ImageActivity
ADDED from src\main\AndroidManifest.xml:49:9-51:20
	android:name
		ADDED from src\main\AndroidManifest.xml:49:19-65
activity#com.higgs.qqzone1.Tab_t2
ADDED from src\main\AndroidManifest.xml:52:9-54:20
	android:name
		ADDED from src\main\AndroidManifest.xml:52:19-58
activity#com.higgs.qqzone1.Tab_t4
ADDED from src\main\AndroidManifest.xml:55:9-57:20
	android:name
		ADDED from src\main\AndroidManifest.xml:55:19-58
activity#com.higgs.qqzone1.Tab_t5
ADDED from src\main\AndroidManifest.xml:58:9-60:20
	android:name
		ADDED from src\main\AndroidManifest.xml:58:19-58
activity#com.higgs.qqzone1.Tab_MainActivity
ADDED from src\main\AndroidManifest.xml:61:9-63:20
	android:name
		ADDED from src\main\AndroidManifest.xml:61:19-68
activity#com.higgs.qqzone1.ZhongActivity
ADDED from src\main\AndroidManifest.xml:64:9-67:20
	android:theme
		ADDED from src\main\AndroidManifest.xml:65:13-61
	android:name
		ADDED from src\main\AndroidManifest.xml:64:19-65
activity#com.higgs.qqzone1.AddUserFirnd
ADDED from src\main\AndroidManifest.xml:68:9-72:20
	android:label
		ADDED from src\main\AndroidManifest.xml:70:13-66
	android:name
		ADDED from src\main\AndroidManifest.xml:69:13-58
activity#com.higgs.qqzone1.MoodActivity
ADDED from src\main\AndroidManifest.xml:73:9-76:20
	android:label
		ADDED from src\main\AndroidManifest.xml:73:65-97
	android:name
		ADDED from src\main\AndroidManifest.xml:73:19-64
activity#com.higgs.qqzone1.SelectPhotoActicity
ADDED from src\main\AndroidManifest.xml:77:10-149
	android:label
		ADDED from src\main\AndroidManifest.xml:77:61-93
	android:theme
		ADDED from src\main\AndroidManifest.xml:77:20-60
	android:name
		ADDED from src\main\AndroidManifest.xml:77:94-146
uses-permission#android.permission.INTERNET
ADDED from src\main\AndroidManifest.xml:80:5-67
	android:name
		ADDED from src\main\AndroidManifest.xml:80:22-64
uses-permission#android.permission.ACCESS_NETWORK_STATE
ADDED from src\main\AndroidManifest.xml:81:5-82:23
	android:name
		ADDED from src\main\AndroidManifest.xml:81:22-76
uses-permission#android.permission.CAMERA
ADDED from src\main\AndroidManifest.xml:83:5-65
	android:name
		ADDED from src\main\AndroidManifest.xml:83:22-62
uses-permission#android.permission.WRITE_EXTERNAL_STORAGE
ADDED from src\main\AndroidManifest.xml:84:2-77
	android:name
		ADDED from src\main\AndroidManifest.xml:84:19-75